# JRE version: OpenJDK Runtime Environment Temurin-21.0.8+9 (21.0.8+9) (build 21.0.8+9-LTS)
# Java VM: OpenJDK 64-Bit Server VM Temurin-21.0.8+9 (21.0.8+9-LTS, mixed mode, sharing, tiered, compressed oops, compressed class ptrs, parallel gc, windows-amd64)
GC Precious Log:
 CardTable entry size: 512
 CPUs: 12 total, 12 available
 Memory: 7916M
 Large Page Support: Disabled
 NUMA Support: Disabled
 Compressed Oops: Enabled (32-bit)
 Alignments: Space 512K, Generation 512K, Heap 2M
 Heap Min Capacity: 100M
 Heap Initial Capacity: 100M
 Heap Max Capacity: 2G
 Pre-touch: Disabled
 Parallel Workers: 10
Heap:
 PSYoungGen      total 88576K, used 44035K [0x00000000d5580000, 0x00000000dcf00000, 0x0000000100000000)
  eden space 84480K, 51% used [0x00000000d5580000,0x00000000d7f97fd0,0x00000000da800000)
  from space 4096K, 22% used [0x00000000dc880000,0x00000000dc969000,0x00000000dcc80000)
  to   space 2048K, 0% used [0x00000000dcd00000,0x00000000dcd00000,0x00000000dcf00000)
 ParOldGen       total 961024K, used 960905K [0x0000000080000000, 0x00000000baa80000, 0x00000000d5580000)
  object space 961024K, 99% used [0x0000000080000000,0x00000000baa62628,0x00000000baa80000)
 Metaspace       used 68265K, committed 69696K, reserved 1114112K
  class space    used 7803K, committed 8448K, reserved 1048576K
GC Heap History (20 events):
Event: 100.268 GC heap before
{Heap before GC invocations=2068 (full 4):
 PSYoungGen      total 107520K, used 104592K [0x00000000d5580000, 0x00000000de400000, 0x0000000100000000)
  eden space 101888K, 100% used [0x00000000d5580000,0x00000000db900000,0x00000000db900000)
  from space 5632K, 48% used [0x00000000dda00000,0x00000000ddca4010,0x00000000ddf80000)
  to   space 3584K, 0% used [0x00000000de080000,0x00000000de080000,0x00000000de400000)
 ParOldGen       total 901632K, used 901336K [0x0000000080000000, 0x00000000b7080000, 0x00000000d5580000)
  object space 901632K, 99% used [0x0000000080000000,0x00000000b70362c0,0x00000000b7080000)
 Metaspace       used 67841K, committed 69248K, reserved 1114112K
  class space    used 7768K, committed 8384K, reserved 1048576K
}
Event: 100.274 GC heap after
{Heap after GC invocations=2068 (full 4):
 PSYoungGen      total 100864K, used 2560K [0x00000000d5580000, 0x00000000de300000, 0x0000000100000000)
  eden space 98304K, 0% used [0x00000000d5580000,0x00000000d5580000,0x00000000db580000)
  from space 2560K, 100% used [0x00000000de080000,0x00000000de300000,0x00000000de300000)
  to   space 3072K, 0% used [0x00000000ddd00000,0x00000000ddd00000,0x00000000de000000)
 ParOldGen       total 904192K, used 903992K [0x0000000080000000, 0x00000000b7300000, 0x00000000d5580000)
  object space 904192K, 99% used [0x0000000080000000,0x00000000b72ce2d0,0x00000000b7300000)
 Metaspace       used 67841K, committed 69248K, reserved 1114112K
  class space    used 7768K, committed 8384K, reserved 1048576K
}
Event: 100.295 GC heap before
{Heap before GC invocations=2069 (full 4):
 PSYoungGen      total 100864K, used 100864K [0x00000000d5580000, 0x00000000de300000, 0x0000000100000000)
  eden space 98304K, 100% used [0x00000000d5580000,0x00000000db580000,0x00000000db580000)
  from space 2560K, 100% used [0x00000000de080000,0x00000000de300000,0x00000000de300000)
  to   space 3072K, 0% used [0x00000000ddd00000,0x00000000ddd00000,0x00000000de000000)
 ParOldGen       total 904192K, used 903992K [0x0000000080000000, 0x00000000b7300000, 0x00000000d5580000)
  object space 904192K, 99% used [0x0000000080000000,0x00000000b72ce2d0,0x00000000b7300000)
 Metaspace       used 67841K, committed 69248K, reserved 1114112K
  class space    used 7768K, committed 8384K, reserved 1048576K
}
Event: 100.301 GC heap after
{Heap after GC invocations=2069 (full 4):
 PSYoungGen      total 97280K, used 2464K [0x00000000d5580000, 0x00000000de100000, 0x0000000100000000)
  eden space 94720K, 0% used [0x00000000d5580000,0x00000000d5580000,0x00000000db200000)
  from space 2560K, 96% used [0x00000000ddd00000,0x00000000ddf68000,0x00000000ddf80000)
  to   space 1536K, 0% used [0x00000000ddf80000,0x00000000ddf80000,0x00000000de100000)
 ParOldGen       total 906752K, used 906472K [0x0000000080000000, 0x00000000b7580000, 0x00000000d5580000)
  object space 906752K, 99% used [0x0000000080000000,0x00000000b753a2d0,0x00000000b7580000)
 Metaspace       used 67841K, committed 69248K, reserved 1114112K
  class space    used 7768K, committed 8384K, reserved 1048576K
}
Event: 100.322 GC heap before
{Heap before GC invocations=2070 (full 4):
 PSYoungGen      total 97280K, used 97184K [0x00000000d5580000, 0x00000000de100000, 0x0000000100000000)
  eden space 94720K, 100% used [0x00000000d5580000,0x00000000db200000,0x00000000db200000)
  from space 2560K, 96% used [0x00000000ddd00000,0x00000000ddf68000,0x00000000ddf80000)
  to   space 1536K, 0% used [0x00000000ddf80000,0x00000000ddf80000,0x00000000de100000)
 ParOldGen       total 906752K, used 906472K [0x0000000080000000, 0x00000000b7580000, 0x00000000d5580000)
  object space 906752K, 99% used [0x0000000080000000,0x00000000b753a2d0,0x00000000b7580000)
 Metaspace       used 67841K, committed 69248K, reserved 1114112K
  class space    used 7768K, committed 8384K, reserved 1048576K
}
Event: 100.328 GC heap after
{Heap after GC invocations=2070 (full 4):
 PSYoungGen      total 92672K, used 1536K [0x00000000d5580000, 0x00000000de100000, 0x0000000100000000)
  eden space 91136K, 0% used [0x00000000d5580000,0x00000000d5580000,0x00000000dae80000)
  from space 1536K, 100% used [0x00000000ddf80000,0x00000000de100000,0x00000000de100000)
  to   space 4608K, 0% used [0x00000000dd800000,0x00000000dd800000,0x00000000ddc80000)
 ParOldGen       total 909312K, used 909184K [0x0000000080000000, 0x00000000b7800000, 0x00000000d5580000)
  object space 909312K, 99% used [0x0000000080000000,0x00000000b77e02d0,0x00000000b7800000)
 Metaspace       used 67841K, committed 69248K, reserved 1114112K
  class space    used 7768K, committed 8384K, reserved 1048576K
}
Event: 100.350 GC heap before
{Heap before GC invocations=2071 (full 4):
 PSYoungGen      total 92672K, used 92672K [0x00000000d5580000, 0x00000000de100000, 0x0000000100000000)
  eden space 91136K, 100% used [0x00000000d5580000,0x00000000dae80000,0x00000000dae80000)
  from space 1536K, 100% used [0x00000000ddf80000,0x00000000de100000,0x00000000de100000)
  to   space 4608K, 0% used [0x00000000dd800000,0x00000000dd800000,0x00000000ddc80000)
 ParOldGen       total 909312K, used 909184K [0x0000000080000000, 0x00000000b7800000, 0x00000000d5580000)
  object space 909312K, 99% used [0x0000000080000000,0x00000000b77e02d0,0x00000000b7800000)
 Metaspace       used 67841K, committed 69248K, reserved 1114112K
  class space    used 7768K, committed 8384K, reserved 1048576K
}
Event: 100.356 GC heap after
{Heap after GC invocations=2071 (full 4):
 PSYoungGen      total 92672K, used 3072K [0x00000000d5580000, 0x00000000de000000, 0x0000000100000000)
  eden space 88064K, 0% used [0x00000000d5580000,0x00000000d5580000,0x00000000dab80000)
  from space 4608K, 66% used [0x00000000dd800000,0x00000000ddb00000,0x00000000ddc80000)
  to   space 3584K, 0% used [0x00000000ddc80000,0x00000000ddc80000,0x00000000de000000)
 ParOldGen       total 910848K, used 910736K [0x0000000080000000, 0x00000000b7980000, 0x00000000d5580000)
  object space 910848K, 99% used [0x0000000080000000,0x00000000b79642d0,0x00000000b7980000)
 Metaspace       used 67841K, committed 69248K, reserved 1114112K
  class space    used 7768K, committed 8384K, reserved 1048576K
}
Event: 100.380 GC heap before
{Heap before GC invocations=2072 (full 4):
 PSYoungGen      total 92672K, used 91136K [0x00000000d5580000, 0x00000000de000000, 0x0000000100000000)
  eden space 88064K, 100% used [0x00000000d5580000,0x00000000dab80000,0x00000000dab80000)
  from space 4608K, 66% used [0x00000000dd800000,0x00000000ddb00000,0x00000000ddc80000)
  to   space 3584K, 0% used [0x00000000ddc80000,0x00000000ddc80000,0x00000000de000000)
 ParOldGen       total 910848K, used 910736K [0x0000000080000000, 0x00000000b7980000, 0x00000000d5580000)
  object space 910848K, 99% used [0x0000000080000000,0x00000000b79642d0,0x00000000b7980000)
 Metaspace       used 67841K, committed 69248K, reserved 1114112K
  class space    used 7768K, committed 8384K, reserved 1048576K
}
Event: 100.388 GC heap after
{Heap after GC invocations=2072 (full 4):
 PSYoungGen      total 109056K, used 3049K [0x00000000d5580000, 0x00000000ddf80000, 0x0000000100000000)
  eden space 105984K, 0% used [0x00000000d5580000,0x00000000d5580000,0x00000000dbd00000)
  from space 3072K, 99% used [0x00000000ddc80000,0x00000000ddf7a6a0,0x00000000ddf80000)
  to   space 3584K, 0% used [0x00000000dd880000,0x00000000dd880000,0x00000000ddc00000)
 ParOldGen       total 913920K, used 913664K [0x0000000080000000, 0x00000000b7c80000, 0x00000000d5580000)
  object space 913920K, 99% used [0x0000000080000000,0x00000000b7c402d0,0x00000000b7c80000)
 Metaspace       used 67841K, committed 69248K, reserved 1114112K
  class space    used 7768K, committed 8384K, reserved 1048576K
}
Event: 100.458 GC heap before
{Heap before GC invocations=2073 (full 4):
 PSYoungGen      total 109056K, used 109033K [0x00000000d5580000, 0x00000000ddf80000, 0x0000000100000000)
  eden space 105984K, 100% used [0x00000000d5580000,0x00000000dbd00000,0x00000000dbd00000)
  from space 3072K, 99% used [0x00000000ddc80000,0x00000000ddf7a6a0,0x00000000ddf80000)
  to   space 3584K, 0% used [0x00000000dd880000,0x00000000dd880000,0x00000000ddc00000)
 ParOldGen       total 913920K, used 913664K [0x0000000080000000, 0x00000000b7c80000, 0x00000000d5580000)
  object space 913920K, 99% used [0x0000000080000000,0x00000000b7c402d0,0x00000000b7c80000)
 Metaspace       used 67846K, committed 69248K, reserved 1114112K
  class space    used 7769K, committed 8384K, reserved 1048576K
}
Event: 100.466 GC heap after
{Heap after GC invocations=2073 (full 4):
 PSYoungGen      total 104960K, used 2931K [0x00000000d5580000, 0x00000000ddd00000, 0x0000000100000000)
  eden space 101888K, 0% used [0x00000000d5580000,0x00000000d5580000,0x00000000db900000)
  from space 3072K, 95% used [0x00000000dd880000,0x00000000ddb5cd60,0x00000000ddb80000)
  to   space 1536K, 0% used [0x00000000ddb80000,0x00000000ddb80000,0x00000000ddd00000)
 ParOldGen       total 923648K, used 923001K [0x0000000080000000, 0x00000000b8600000, 0x00000000d5580000)
  object space 923648K, 99% used [0x0000000080000000,0x00000000b855e6f8,0x00000000b8600000)
 Metaspace       used 67846K, committed 69248K, reserved 1114112K
  class space    used 7769K, committed 8384K, reserved 1048576K
}
Event: 100.543 GC heap before
{Heap before GC invocations=2074 (full 4):
 PSYoungGen      total 104960K, used 104819K [0x00000000d5580000, 0x00000000ddd00000, 0x0000000100000000)
  eden space 101888K, 100% used [0x00000000d5580000,0x00000000db900000,0x00000000db900000)
  from space 3072K, 95% used [0x00000000dd880000,0x00000000ddb5cd60,0x00000000ddb80000)
  to   space 1536K, 0% used [0x00000000ddb80000,0x00000000ddb80000,0x00000000ddd00000)
 ParOldGen       total 923648K, used 923001K [0x0000000080000000, 0x00000000b8600000, 0x00000000d5580000)
  object space 923648K, 99% used [0x0000000080000000,0x00000000b855e6f8,0x00000000b8600000)
 Metaspace       used 67847K, committed 69248K, reserved 1114112K
  class space    used 7769K, committed 8384K, reserved 1048576K
}
Event: 100.562 GC heap after
{Heap after GC invocations=2074 (full 4):
 PSYoungGen      total 95744K, used 1513K [0x00000000d5580000, 0x00000000e0980000, 0x0000000100000000)
  eden space 94208K, 0% used [0x00000000d5580000,0x00000000d5580000,0x00000000db180000)
  from space 1536K, 98% used [0x00000000ddb80000,0x00000000ddcfa728,0x00000000ddd00000)
  to   space 43008K, 0% used [0x00000000db180000,0x00000000db180000,0x00000000ddb80000)
 ParOldGen       total 958464K, used 958394K [0x0000000080000000, 0x00000000ba800000, 0x00000000d5580000)
  object space 958464K, 99% used [0x0000000080000000,0x00000000ba7eeb00,0x00000000ba800000)
 Metaspace       used 67847K, committed 69248K, reserved 1114112K
  class space    used 7769K, committed 8384K, reserved 1048576K
}
Event: 100.598 GC heap before
{Heap before GC invocations=2075 (full 4):
 PSYoungGen      total 95744K, used 95721K [0x00000000d5580000, 0x00000000e0980000, 0x0000000100000000)
  eden space 94208K, 100% used [0x00000000d5580000,0x00000000db180000,0x00000000db180000)
  from space 1536K, 98% used [0x00000000ddb80000,0x00000000ddcfa728,0x00000000ddd00000)
  to   space 43008K, 0% used [0x00000000db180000,0x00000000db180000,0x00000000ddb80000)
 ParOldGen       total 958464K, used 958394K [0x0000000080000000, 0x00000000ba800000, 0x00000000d5580000)
  object space 958464K, 99% used [0x0000000080000000,0x00000000ba7eeb00,0x00000000ba800000)
 Metaspace       used 67855K, committed 69248K, reserved 1114112K
  class space    used 7769K, committed 8384K, reserved 1048576K
}
Event: 100.602 GC heap after
{Heap after GC invocations=2075 (full 4):
 PSYoungGen      total 91648K, used 648K [0x00000000d5580000, 0x00000000ddc00000, 0x0000000100000000)
  eden space 90624K, 0% used [0x00000000d5580000,0x00000000d5580000,0x00000000dae00000)
  from space 1024K, 63% used [0x00000000db180000,0x00000000db222118,0x00000000db280000)
  to   space 13824K, 0% used [0x00000000dce80000,0x00000000dce80000,0x00000000ddc00000)
 ParOldGen       total 959488K, used 959356K [0x0000000080000000, 0x00000000ba900000, 0x00000000d5580000)
  object space 959488K, 99% used [0x0000000080000000,0x00000000ba8df1d0,0x00000000ba900000)
 Metaspace       used 67855K, committed 69248K, reserved 1114112K
  class space    used 7769K, committed 8384K, reserved 1048576K
}
Event: 100.635 GC heap before
{Heap before GC invocations=2076 (full 4):
 PSYoungGen      total 91648K, used 91272K [0x00000000d5580000, 0x00000000ddc00000, 0x0000000100000000)
  eden space 90624K, 100% used [0x00000000d5580000,0x00000000dae00000,0x00000000dae00000)
  from space 1024K, 63% used [0x00000000db180000,0x00000000db222118,0x00000000db280000)
  to   space 13824K, 0% used [0x00000000dce80000,0x00000000dce80000,0x00000000ddc00000)
 ParOldGen       total 959488K, used 959356K [0x0000000080000000, 0x00000000ba900000, 0x00000000d5580000)
  object space 959488K, 99% used [0x0000000080000000,0x00000000ba8df1d0,0x00000000ba900000)
 Metaspace       used 67856K, committed 69248K, reserved 1114112K
  class space    used 7769K, committed 8384K, reserved 1048576K
}
Event: 100.640 GC heap after
{Heap after GC invocations=2076 (full 4):
 PSYoungGen      total 89600K, used 1974K [0x00000000d5580000, 0x00000000dd080000, 0x0000000100000000)
  eden space 87552K, 0% used [0x00000000d5580000,0x00000000d5580000,0x00000000dab00000)
  from space 2048K, 96% used [0x00000000dce80000,0x00000000dd06d800,0x00000000dd080000)
  to   space 4096K, 0% used [0x00000000dc880000,0x00000000dc880000,0x00000000dcc80000)
 ParOldGen       total 960000K, used 959726K [0x0000000080000000, 0x00000000ba980000, 0x00000000d5580000)
  object space 960000K, 99% used [0x0000000080000000,0x00000000ba93bad0,0x00000000ba980000)
 Metaspace       used 67856K, committed 69248K, reserved 1114112K
  class space    used 7769K, committed 8384K, reserved 1048576K
}
Event: 314.818 GC heap before
{Heap before GC invocations=2077 (full 4):
 PSYoungGen      total 89600K, used 89526K [0x00000000d5580000, 0x00000000dd080000, 0x0000000100000000)
  eden space 87552K, 100% used [0x00000000d5580000,0x00000000dab00000,0x00000000dab00000)
  from space 2048K, 96% used [0x00000000dce80000,0x00000000dd06d800,0x00000000dd080000)
  to   space 4096K, 0% used [0x00000000dc880000,0x00000000dc880000,0x00000000dcc80000)
 ParOldGen       total 960000K, used 959726K [0x0000000080000000, 0x00000000ba980000, 0x00000000d5580000)
  object space 960000K, 99% used [0x0000000080000000,0x00000000ba93bad0,0x00000000ba980000)
 Metaspace       used 67906K, committed 69248K, reserved 1114112K
  class space    used 7776K, committed 8384K, reserved 1048576K
}
Event: 314.826 GC heap after
{Heap after GC invocations=2077 (full 4):
 PSYoungGen      total 88576K, used 932K [0x00000000d5580000, 0x00000000dcf00000, 0x0000000100000000)
  eden space 84480K, 0% used [0x00000000d5580000,0x00000000d5580000,0x00000000da800000)
  from space 4096K, 22% used [0x00000000dc880000,0x00000000dc969000,0x00000000dcc80000)
  to   space 2048K, 0% used [0x00000000dcd00000,0x00000000dcd00000,0x00000000dcf00000)
 ParOldGen       total 961024K, used 960905K [0x0000000080000000, 0x00000000baa80000, 0x00000000d5580000)
  object space 961024K, 99% used [0x0000000080000000,0x00000000baa62628,0x00000000baa80000)
 Metaspace       used 67906K, committed 69248K, reserved 1114112K
  class space    used 7776K, committed 8384K, reserved 1048576K
}

