# JRE version: OpenJDK Runtime Environment Temurin-21.0.8+9 (21.0.8+9) (build 21.0.8+9-LTS)
# Java VM: OpenJDK 64-Bit Server VM Temurin-21.0.8+9 (21.0.8+9-LTS, mixed mode, sharing, tiered, compressed oops, compressed class ptrs, parallel gc, windows-amd64)
GC Precious Log:
 CardTable entry size: 512
 CPUs: 12 total, 12 available
 Memory: 7916M
 Large Page Support: Disabled
 NUMA Support: Disabled
 Compressed Oops: Enabled (32-bit)
 Alignments: Space 512K, Generation 512K, Heap 2M
 Heap Min Capacity: 100M
 Heap Initial Capacity: 100M
 Heap Max Capacity: 2G
 Pre-touch: Disabled
 Parallel Workers: 10
Heap:
 PSYoungGen      total 17920K, used 12588K [0x00000000d5580000, 0x00000000d6a80000, 0x0000000100000000)
  eden space 13312K, 89% used [0x00000000d5580000,0x00000000d6133310,0x00000000d6280000)
  from space 4608K, 13% used [0x00000000d6380000,0x00000000d6418000,0x00000000d6800000)
  to   space 2048K, 73% used [0x00000000d6880000,0x00000000d69f91a8,0x00000000d6a80000)
 ParOldGen       total 1040896K, used 1040651K [0x0000000080000000, 0x00000000bf880000, 0x00000000d5580000)
  object space 1040896K, 99% used [0x0000000080000000,0x00000000bf842ce0,0x00000000bf880000)
 Metaspace       used 67750K, committed 69312K, reserved 1114112K
  class space    used 7766K, committed 8448K, reserved 1048576K
GC Heap History (20 events):
Event: 67.606 GC heap before
{Heap before GC invocations=2136 (full 4):
 PSYoungGen      total 6656K, used 6631K [0x00000000d5580000, 0x00000000d6680000, 0x0000000100000000)
  eden space 3584K, 100% used [0x00000000d5580000,0x00000000d5900000,0x00000000d5900000)
  from space 3072K, 99% used [0x00000000d5900000,0x00000000d5bf9e10,0x00000000d5c00000)
  to   space 6656K, 0% used [0x00000000d6000000,0x00000000d6000000,0x00000000d6680000)
 ParOldGen       total 1001472K, used 1001294K [0x0000000080000000, 0x00000000bd200000, 0x00000000d5580000)
  object space 1001472K, 99% used [0x0000000080000000,0x00000000bd1d38b8,0x00000000bd200000)
 Metaspace       used 67539K, committed 68992K, reserved 1114112K
  class space    used 7734K, committed 8384K, reserved 1048576K
}
Event: 67.611 GC heap after
{Heap after GC invocations=2136 (full 4):
 PSYoungGen      total 7168K, used 2403K [0x00000000d5580000, 0x00000000d6280000, 0x0000000100000000)
  eden space 4608K, 0% used [0x00000000d5580000,0x00000000d5580000,0x00000000d5a00000)
  from space 2560K, 93% used [0x00000000d6000000,0x00000000d6258df8,0x00000000d6280000)
  to   space 4096K, 0% used [0x00000000d5a80000,0x00000000d5a80000,0x00000000d5e80000)
 ParOldGen       total 1002496K, used 1002056K [0x0000000080000000, 0x00000000bd300000, 0x00000000d5580000)
  object space 1002496K, 99% used [0x0000000080000000,0x00000000bd292118,0x00000000bd300000)
 Metaspace       used 67539K, committed 68992K, reserved 1114112K
  class space    used 7734K, committed 8384K, reserved 1048576K
}
Event: 67.632 GC heap before
{Heap before GC invocations=2137 (full 4):
 PSYoungGen      total 7168K, used 7011K [0x00000000d5580000, 0x00000000d6280000, 0x0000000100000000)
  eden space 4608K, 100% used [0x00000000d5580000,0x00000000d5a00000,0x00000000d5a00000)
  from space 2560K, 93% used [0x00000000d6000000,0x00000000d6258df8,0x00000000d6280000)
  to   space 4096K, 0% used [0x00000000d5a80000,0x00000000d5a80000,0x00000000d5e80000)
 ParOldGen       total 1002496K, used 1002056K [0x0000000080000000, 0x00000000bd300000, 0x00000000d5580000)
  object space 1002496K, 99% used [0x0000000080000000,0x00000000bd292118,0x00000000bd300000)
 Metaspace       used 67539K, committed 68992K, reserved 1114112K
  class space    used 7734K, committed 8384K, reserved 1048576K
}
Event: 67.637 GC heap after
{Heap after GC invocations=2137 (full 4):
 PSYoungGen      total 9216K, used 4075K [0x00000000d5580000, 0x00000000d6b00000, 0x0000000100000000)
  eden space 5120K, 0% used [0x00000000d5580000,0x00000000d5580000,0x00000000d5a80000)
  from space 4096K, 99% used [0x00000000d5a80000,0x00000000d5e7af10,0x00000000d5e80000)
  to   space 8192K, 0% used [0x00000000d6300000,0x00000000d6300000,0x00000000d6b00000)
 ParOldGen       total 1005056K, used 1004875K [0x0000000080000000, 0x00000000bd580000, 0x00000000d5580000)
  object space 1005056K, 99% used [0x0000000080000000,0x00000000bd552f10,0x00000000bd580000)
 Metaspace       used 67539K, committed 68992K, reserved 1114112K
  class space    used 7734K, committed 8384K, reserved 1048576K
}
Event: 67.649 GC heap before
{Heap before GC invocations=2138 (full 4):
 PSYoungGen      total 9216K, used 9195K [0x00000000d5580000, 0x00000000d6b00000, 0x0000000100000000)
  eden space 5120K, 100% used [0x00000000d5580000,0x00000000d5a80000,0x00000000d5a80000)
  from space 4096K, 99% used [0x00000000d5a80000,0x00000000d5e7af10,0x00000000d5e80000)
  to   space 8192K, 0% used [0x00000000d6300000,0x00000000d6300000,0x00000000d6b00000)
 ParOldGen       total 1005056K, used 1004875K [0x0000000080000000, 0x00000000bd580000, 0x00000000d5580000)
  object space 1005056K, 99% used [0x0000000080000000,0x00000000bd552f10,0x00000000bd580000)
 Metaspace       used 67539K, committed 68992K, reserved 1114112K
  class space    used 7734K, committed 8384K, reserved 1048576K
}
Event: 67.657 GC heap after
{Heap after GC invocations=2138 (full 4):
 PSYoungGen      total 11264K, used 4758K [0x00000000d5580000, 0x00000000d6800000, 0x0000000100000000)
  eden space 6144K, 0% used [0x00000000d5580000,0x00000000d5580000,0x00000000d5b80000)
  from space 5120K, 92% used [0x00000000d6300000,0x00000000d67a5b20,0x00000000d6800000)
  to   space 5632K, 0% used [0x00000000d5d00000,0x00000000d5d00000,0x00000000d6280000)
 ParOldGen       total 1009152K, used 1008883K [0x0000000080000000, 0x00000000bd980000, 0x00000000d5580000)
  object space 1009152K, 99% used [0x0000000080000000,0x00000000bd93cf10,0x00000000bd980000)
 Metaspace       used 67539K, committed 68992K, reserved 1114112K
  class space    used 7734K, committed 8384K, reserved 1048576K
}
Event: 67.937 GC heap before
{Heap before GC invocations=2139 (full 4):
 PSYoungGen      total 11264K, used 10902K [0x00000000d5580000, 0x00000000d6800000, 0x0000000100000000)
  eden space 6144K, 100% used [0x00000000d5580000,0x00000000d5b80000,0x00000000d5b80000)
  from space 5120K, 92% used [0x00000000d6300000,0x00000000d67a5b20,0x00000000d6800000)
  to   space 5632K, 0% used [0x00000000d5d00000,0x00000000d5d00000,0x00000000d6280000)
 ParOldGen       total 1009152K, used 1008883K [0x0000000080000000, 0x00000000bd980000, 0x00000000d5580000)
  object space 1009152K, 99% used [0x0000000080000000,0x00000000bd93cf10,0x00000000bd980000)
 Metaspace       used 67539K, committed 68992K, reserved 1114112K
  class space    used 7734K, committed 8384K, reserved 1048576K
}
Event: 67.942 GC heap after
{Heap after GC invocations=2139 (full 4):
 PSYoungGen      total 12288K, used 4418K [0x00000000d5580000, 0x00000000d6700000, 0x0000000100000000)
  eden space 7680K, 0% used [0x00000000d5580000,0x00000000d5580000,0x00000000d5d00000)
  from space 4608K, 95% used [0x00000000d5d00000,0x00000000d61509b0,0x00000000d6180000)
  to   space 5120K, 0% used [0x00000000d6200000,0x00000000d6200000,0x00000000d6700000)
 ParOldGen       total 1012224K, used 1011757K [0x0000000080000000, 0x00000000bdc80000, 0x00000000d5580000)
  object space 1012224K, 99% used [0x0000000080000000,0x00000000bdc0b548,0x00000000bdc80000)
 Metaspace       used 67539K, committed 68992K, reserved 1114112K
  class space    used 7734K, committed 8384K, reserved 1048576K
}
Event: 67.984 GC heap before
{Heap before GC invocations=2140 (full 4):
 PSYoungGen      total 12288K, used 12098K [0x00000000d5580000, 0x00000000d6700000, 0x0000000100000000)
  eden space 7680K, 100% used [0x00000000d5580000,0x00000000d5d00000,0x00000000d5d00000)
  from space 4608K, 95% used [0x00000000d5d00000,0x00000000d61509b0,0x00000000d6180000)
  to   space 5120K, 0% used [0x00000000d6200000,0x00000000d6200000,0x00000000d6700000)
 ParOldGen       total 1012224K, used 1011757K [0x0000000080000000, 0x00000000bdc80000, 0x00000000d5580000)
  object space 1012224K, 99% used [0x0000000080000000,0x00000000bdc0b548,0x00000000bdc80000)
 Metaspace       used 67539K, committed 68992K, reserved 1114112K
  class space    used 7734K, committed 8384K, reserved 1048576K
}
Event: 67.990 GC heap after
{Heap after GC invocations=2140 (full 4):
 PSYoungGen      total 13312K, used 3174K [0x00000000d5580000, 0x00000000d6680000, 0x0000000100000000)
  eden space 8704K, 0% used [0x00000000d5580000,0x00000000d5580000,0x00000000d5e00000)
  from space 4608K, 68% used [0x00000000d6200000,0x00000000d6519870,0x00000000d6680000)
  to   space 4096K, 0% used [0x00000000d5e00000,0x00000000d5e00000,0x00000000d6200000)
 ParOldGen       total 1015808K, used 1015364K [0x0000000080000000, 0x00000000be000000, 0x00000000d5580000)
  object space 1015808K, 99% used [0x0000000080000000,0x00000000bdf91378,0x00000000be000000)
 Metaspace       used 67539K, committed 68992K, reserved 1114112K
  class space    used 7734K, committed 8384K, reserved 1048576K
}
Event: 68.039 GC heap before
{Heap before GC invocations=2141 (full 4):
 PSYoungGen      total 13312K, used 11878K [0x00000000d5580000, 0x00000000d6680000, 0x0000000100000000)
  eden space 8704K, 100% used [0x00000000d5580000,0x00000000d5e00000,0x00000000d5e00000)
  from space 4608K, 68% used [0x00000000d6200000,0x00000000d6519870,0x00000000d6680000)
  to   space 4096K, 0% used [0x00000000d5e00000,0x00000000d5e00000,0x00000000d6200000)
 ParOldGen       total 1015808K, used 1015364K [0x0000000080000000, 0x00000000be000000, 0x00000000d5580000)
  object space 1015808K, 99% used [0x0000000080000000,0x00000000bdf91378,0x00000000be000000)
 Metaspace       used 67600K, committed 69056K, reserved 1114112K
  class space    used 7747K, committed 8384K, reserved 1048576K
}
Event: 68.045 GC heap after
{Heap after GC invocations=2141 (full 4):
 PSYoungGen      total 12800K, used 4085K [0x00000000d5580000, 0x00000000d7200000, 0x0000000100000000)
  eden space 8704K, 0% used [0x00000000d5580000,0x00000000d5580000,0x00000000d5e00000)
  from space 4096K, 99% used [0x00000000d5e00000,0x00000000d61fd448,0x00000000d6200000)
  to   space 9216K, 0% used [0x00000000d6900000,0x00000000d6900000,0x00000000d7200000)
 ParOldGen       total 1019392K, used 1019197K [0x0000000080000000, 0x00000000be380000, 0x00000000d5580000)
  object space 1019392K, 99% used [0x0000000080000000,0x00000000be34f4d0,0x00000000be380000)
 Metaspace       used 67600K, committed 69056K, reserved 1114112K
  class space    used 7747K, committed 8384K, reserved 1048576K
}
Event: 68.051 GC heap before
{Heap before GC invocations=2142 (full 4):
 PSYoungGen      total 12800K, used 12789K [0x00000000d5580000, 0x00000000d7200000, 0x0000000100000000)
  eden space 8704K, 100% used [0x00000000d5580000,0x00000000d5e00000,0x00000000d5e00000)
  from space 4096K, 99% used [0x00000000d5e00000,0x00000000d61fd448,0x00000000d6200000)
  to   space 9216K, 0% used [0x00000000d6900000,0x00000000d6900000,0x00000000d7200000)
 ParOldGen       total 1019392K, used 1019197K [0x0000000080000000, 0x00000000be380000, 0x00000000d5580000)
  object space 1019392K, 99% used [0x0000000080000000,0x00000000be34f4d0,0x00000000be380000)
 Metaspace       used 67604K, committed 69056K, reserved 1114112K
  class space    used 7747K, committed 8384K, reserved 1048576K
}
Event: 68.059 GC heap after
{Heap after GC invocations=2142 (full 4):
 PSYoungGen      total 18944K, used 8156K [0x00000000d5580000, 0x00000000d7100000, 0x0000000100000000)
  eden space 10752K, 0% used [0x00000000d5580000,0x00000000d5580000,0x00000000d6000000)
  from space 8192K, 99% used [0x00000000d6900000,0x00000000d70f73c0,0x00000000d7100000)
  to   space 8704K, 0% used [0x00000000d6000000,0x00000000d6000000,0x00000000d6880000)
 ParOldGen       total 1023488K, used 1023309K [0x0000000080000000, 0x00000000be780000, 0x00000000d5580000)
  object space 1023488K, 99% used [0x0000000080000000,0x00000000be753698,0x00000000be780000)
 Metaspace       used 67604K, committed 69056K, reserved 1114112K
  class space    used 7747K, committed 8384K, reserved 1048576K
}
Event: 68.099 GC heap before
{Heap before GC invocations=2143 (full 4):
 PSYoungGen      total 18944K, used 18908K [0x00000000d5580000, 0x00000000d7100000, 0x0000000100000000)
  eden space 10752K, 100% used [0x00000000d5580000,0x00000000d6000000,0x00000000d6000000)
  from space 8192K, 99% used [0x00000000d6900000,0x00000000d70f73c0,0x00000000d7100000)
  to   space 8704K, 0% used [0x00000000d6000000,0x00000000d6000000,0x00000000d6880000)
 ParOldGen       total 1023488K, used 1023309K [0x0000000080000000, 0x00000000be780000, 0x00000000d5580000)
  object space 1023488K, 99% used [0x0000000080000000,0x00000000be753698,0x00000000be780000)
 Metaspace       used 67632K, committed 69120K, reserved 1114112K
  class space    used 7755K, committed 8448K, reserved 1048576K
}
Event: 68.109 GC heap after
{Heap after GC invocations=2143 (full 4):
 PSYoungGen      total 19456K, used 6912K [0x00000000d5580000, 0x00000000d7180000, 0x0000000100000000)
  eden space 10752K, 0% used [0x00000000d5580000,0x00000000d5580000,0x00000000d6000000)
  from space 8704K, 79% used [0x00000000d6000000,0x00000000d66c00e0,0x00000000d6880000)
  to   space 7680K, 0% used [0x00000000d6a00000,0x00000000d6a00000,0x00000000d7180000)
 ParOldGen       total 1031680K, used 1031364K [0x0000000080000000, 0x00000000bef80000, 0x00000000d5580000)
  object space 1031680K, 99% used [0x0000000080000000,0x00000000bef311d0,0x00000000bef80000)
 Metaspace       used 67632K, committed 69120K, reserved 1114112K
  class space    used 7755K, committed 8448K, reserved 1048576K
}
Event: 68.158 GC heap before
{Heap before GC invocations=2144 (full 4):
 PSYoungGen      total 19456K, used 17664K [0x00000000d5580000, 0x00000000d7180000, 0x0000000100000000)
  eden space 10752K, 100% used [0x00000000d5580000,0x00000000d6000000,0x00000000d6000000)
  from space 8704K, 79% used [0x00000000d6000000,0x00000000d66c00e0,0x00000000d6880000)
  to   space 7680K, 0% used [0x00000000d6a00000,0x00000000d6a00000,0x00000000d7180000)
 ParOldGen       total 1031680K, used 1031364K [0x0000000080000000, 0x00000000bef80000, 0x00000000d5580000)
  object space 1031680K, 99% used [0x0000000080000000,0x00000000bef311d0,0x00000000bef80000)
 Metaspace       used 67648K, committed 69120K, reserved 1114112K
  class space    used 7759K, committed 8448K, reserved 1048576K
}
Event: 68.169 GC heap after
{Heap after GC invocations=2144 (full 4):
 PSYoungGen      total 15872K, used 2496K [0x00000000d5580000, 0x00000000d6c80000, 0x0000000100000000)
  eden space 13312K, 0% used [0x00000000d5580000,0x00000000d5580000,0x00000000d6280000)
  from space 2560K, 97% used [0x00000000d6a00000,0x00000000d6c700e0,0x00000000d6c80000)
  to   space 4608K, 0% used [0x00000000d6380000,0x00000000d6380000,0x00000000d6800000)
 ParOldGen       total 1038336K, used 1038092K [0x0000000080000000, 0x00000000bf600000, 0x00000000d5580000)
  object space 1038336K, 99% used [0x0000000080000000,0x00000000bf5c32f0,0x00000000bf600000)
 Metaspace       used 67648K, committed 69120K, reserved 1114112K
  class space    used 7759K, committed 8448K, reserved 1048576K
}
Event: 68.290 GC heap before
{Heap before GC invocations=2145 (full 4):
 PSYoungGen      total 15872K, used 15808K [0x00000000d5580000, 0x00000000d6c80000, 0x0000000100000000)
  eden space 13312K, 100% used [0x00000000d5580000,0x00000000d6280000,0x00000000d6280000)
  from space 2560K, 97% used [0x00000000d6a00000,0x00000000d6c700e0,0x00000000d6c80000)
  to   space 4608K, 0% used [0x00000000d6380000,0x00000000d6380000,0x00000000d6800000)
 ParOldGen       total 1038336K, used 1038092K [0x0000000080000000, 0x00000000bf600000, 0x00000000d5580000)
  object space 1038336K, 99% used [0x0000000080000000,0x00000000bf5c32f0,0x00000000bf600000)
 Metaspace       used 67750K, committed 69312K, reserved 1114112K
  class space    used 7766K, committed 8448K, reserved 1048576K
}
Event: 68.294 GC heap after
{Heap after GC invocations=2145 (full 4):
 PSYoungGen      total 17920K, used 608K [0x00000000d5580000, 0x00000000d6a80000, 0x0000000100000000)
  eden space 13312K, 0% used [0x00000000d5580000,0x00000000d5580000,0x00000000d6280000)
  from space 4608K, 13% used [0x00000000d6380000,0x00000000d6418000,0x00000000d6800000)
  to   space 2048K, 0% used [0x00000000d6880000,0x00000000d6880000,0x00000000d6a80000)
 ParOldGen       total 1040896K, used 1040388K [0x0000000080000000, 0x00000000bf880000, 0x00000000d5580000)
  object space 1040896K, 99% used [0x0000000080000000,0x00000000bf8013e0,0x00000000bf880000)
 Metaspace       used 67750K, committed 69312K, reserved 1114112K
  class space    used 7766K, committed 8448K, reserved 1048576K
}

