# JRE version: Java(TM) SE Runtime Environment (17.0.9+11) (build 17.0.9+11-LTS-201)
# Java VM: Java HotSpot(TM) 64-Bit Server VM (17.0.9+11-LTS-201, mixed mode, sharing, tiered, compressed oops, compressed class ptrs, g1 gc, windows-amd64)
GC Precious Log:
 CPUs: 12 total, 12 available
 Memory: 7916M
 Large Page Support: Disabled
 NUMA Support: Disabled
 Compressed Oops: Enabled (32-bit)
 Heap Region Size: 1M
 Heap Min Capacity: 8M
 Heap Initial Capacity: 124M
 Heap Max Capacity: 2G
 Pre-touch: Disabled
 Parallel Workers: 10
 Concurrent Workers: 3
 Concurrent Refinement Workers: 10
 Periodic GC: Disabled
Heap:
 garbage-first heap   total 148480K, used 79291K [0x0000000080000000, 0x0000000100000000)
  region size 1024K, 4 young (4096K), 4 survivors (4096K)
 Metaspace       used 73990K, committed 74816K, reserved 491520K
  class space    used 10437K, committed 10816K, reserved 425984K
GC Heap History (20 events):
Event: 13.619 GC heap after
{Heap after GC invocations=19 (full 0):
 garbage-first heap   total 129024K, used 55234K [0x0000000080000000, 0x0000000100000000)
  region size 1024K, 3 young (3072K), 3 survivors (3072K)
 Metaspace       used 62230K, committed 62912K, reserved 491520K
  class space    used 8806K, committed 9152K, reserved 425984K
}
Event: 14.483 GC heap before
{Heap before GC invocations=19 (full 0):
 garbage-first heap   total 129024K, used 103362K [0x0000000080000000, 0x0000000100000000)
  region size 1024K, 50 young (51200K), 3 survivors (3072K)
 Metaspace       used 64452K, committed 65152K, reserved 491520K
  class space    used 9142K, committed 9472K, reserved 425984K
}
Event: 14.489 GC heap after
{Heap after GC invocations=20 (full 0):
 garbage-first heap   total 129024K, used 58728K [0x0000000080000000, 0x0000000100000000)
  region size 1024K, 6 young (6144K), 6 survivors (6144K)
 Metaspace       used 64452K, committed 65152K, reserved 491520K
  class space    used 9142K, committed 9472K, reserved 425984K
}
Event: 15.621 GC heap before
{Heap before GC invocations=20 (full 0):
 garbage-first heap   total 129024K, used 103784K [0x0000000080000000, 0x0000000100000000)
  region size 1024K, 50 young (51200K), 6 survivors (6144K)
 Metaspace       used 66453K, committed 67264K, reserved 491520K
  class space    used 9384K, committed 9792K, reserved 425984K
}
Event: 15.628 GC heap after
{Heap after GC invocations=21 (full 0):
 garbage-first heap   total 129024K, used 61510K [0x0000000080000000, 0x0000000100000000)
  region size 1024K, 7 young (7168K), 7 survivors (7168K)
 Metaspace       used 66453K, committed 67264K, reserved 491520K
  class space    used 9384K, committed 9792K, reserved 425984K
}
Event: 16.584 GC heap before
{Heap before GC invocations=21 (full 0):
 garbage-first heap   total 129024K, used 102470K [0x0000000080000000, 0x0000000100000000)
  region size 1024K, 47 young (48128K), 7 survivors (7168K)
 Metaspace       used 69463K, committed 70336K, reserved 491520K
  class space    used 9825K, committed 10240K, reserved 425984K
}
Event: 16.592 GC heap after
{Heap after GC invocations=22 (full 0):
 garbage-first heap   total 129024K, used 64801K [0x0000000080000000, 0x0000000100000000)
  region size 1024K, 4 young (4096K), 4 survivors (4096K)
 Metaspace       used 69463K, committed 70336K, reserved 491520K
  class space    used 9825K, committed 10240K, reserved 425984K
}
Event: 17.575 GC heap before
{Heap before GC invocations=22 (full 0):
 garbage-first heap   total 129024K, used 102689K [0x0000000080000000, 0x0000000100000000)
  region size 1024K, 42 young (43008K), 4 survivors (4096K)
 Metaspace       used 72042K, committed 72832K, reserved 491520K
  class space    used 10258K, committed 10624K, reserved 425984K
}
Event: 17.583 GC heap after
{Heap after GC invocations=23 (full 0):
 garbage-first heap   total 129024K, used 68841K [0x0000000080000000, 0x0000000100000000)
  region size 1024K, 6 young (6144K), 6 survivors (6144K)
 Metaspace       used 72042K, committed 72832K, reserved 491520K
  class space    used 10258K, committed 10624K, reserved 425984K
}
Event: 18.024 GC heap before
{Heap before GC invocations=24 (full 0):
 garbage-first heap   total 129024K, used 103657K [0x0000000080000000, 0x0000000100000000)
  region size 1024K, 41 young (41984K), 6 survivors (6144K)
 Metaspace       used 73249K, committed 74112K, reserved 491520K
  class space    used 10411K, committed 10816K, reserved 425984K
}
Event: 18.032 GC heap after
{Heap after GC invocations=25 (full 0):
 garbage-first heap   total 129024K, used 72799K [0x0000000080000000, 0x0000000100000000)
  region size 1024K, 5 young (5120K), 5 survivors (5120K)
 Metaspace       used 73249K, committed 74112K, reserved 491520K
  class space    used 10411K, committed 10816K, reserved 425984K
}
Event: 18.054 GC heap before
{Heap before GC invocations=25 (full 0):
 garbage-first heap   total 129024K, used 73823K [0x0000000080000000, 0x0000000100000000)
  region size 1024K, 6 young (6144K), 5 survivors (5120K)
 Metaspace       used 73260K, committed 74112K, reserved 491520K
  class space    used 10413K, committed 10816K, reserved 425984K
}
Event: 18.058 GC heap after
{Heap after GC invocations=26 (full 0):
 garbage-first heap   total 129024K, used 72918K [0x0000000080000000, 0x0000000100000000)
  region size 1024K, 1 young (1024K), 1 survivors (1024K)
 Metaspace       used 73260K, committed 74112K, reserved 491520K
  class space    used 10413K, committed 10816K, reserved 425984K
}
Event: 18.733 GC heap before
{Heap before GC invocations=26 (full 0):
 garbage-first heap   total 129024K, used 102614K [0x0000000080000000, 0x0000000100000000)
  region size 1024K, 31 young (31744K), 1 survivors (1024K)
 Metaspace       used 73848K, committed 74688K, reserved 491520K
  class space    used 10437K, committed 10816K, reserved 425984K
}
Event: 18.740 GC heap after
{Heap after GC invocations=27 (full 0):
 garbage-first heap   total 129024K, used 77169K [0x0000000080000000, 0x0000000100000000)
  region size 1024K, 4 young (4096K), 4 survivors (4096K)
 Metaspace       used 73848K, committed 74688K, reserved 491520K
  class space    used 10437K, committed 10816K, reserved 425984K
}
Event: 18.898 GC heap before
{Heap before GC invocations=28 (full 0):
 garbage-first heap   total 148480K, used 102769K [0x0000000080000000, 0x0000000100000000)
  region size 1024K, 30 young (30720K), 4 survivors (4096K)
 Metaspace       used 73953K, committed 74752K, reserved 491520K
  class space    used 10437K, committed 10816K, reserved 425984K
}
Event: 18.903 GC heap after
{Heap after GC invocations=29 (full 0):
 garbage-first heap   total 148480K, used 78767K [0x0000000080000000, 0x0000000100000000)
  region size 1024K, 3 young (3072K), 3 survivors (3072K)
 Metaspace       used 73953K, committed 74752K, reserved 491520K
  class space    used 10437K, committed 10816K, reserved 425984K
}
Event: 18.918 GC heap before
{Heap before GC invocations=29 (full 0):
 garbage-first heap   total 148480K, used 82863K [0x0000000080000000, 0x0000000100000000)
  region size 1024K, 7 young (7168K), 3 survivors (3072K)
 Metaspace       used 73963K, committed 74752K, reserved 491520K
  class space    used 10437K, committed 10816K, reserved 425984K
}
Event: 18.921 GC heap after
{Heap after GC invocations=30 (full 0):
 garbage-first heap   total 148480K, used 77064K [0x0000000080000000, 0x0000000100000000)
  region size 1024K, 1 young (1024K), 1 survivors (1024K)
 Metaspace       used 73963K, committed 74752K, reserved 491520K
  class space    used 10437K, committed 10816K, reserved 425984K
}
Event: 19.066 GC heap before
{Heap before GC invocations=30 (full 0):
 garbage-first heap   total 148480K, used 117000K [0x0000000080000000, 0x0000000100000000)
  region size 1024K, 41 young (41984K), 1 survivors (1024K)
 Metaspace       used 73990K, committed 74816K, reserved 491520K
  class space    used 10437K, committed 10816K, reserved 425984K
}

