# JRE version: Java(TM) SE Runtime Environment (17.0.9+11) (build 17.0.9+11-LTS-201)
# Java VM: Java HotSpot(TM) 64-Bit Server VM (17.0.9+11-LTS-201, mixed mode, sharing, tiered, compressed oops, compressed class ptrs, g1 gc, windows-amd64)
GC Precious Log:
 CPUs: 12 total, 12 available
 Memory: 7916M
 Large Page Support: Disabled
 NUMA Support: Disabled
 Compressed Oops: Enabled (32-bit)
 Heap Region Size: 1M
 Heap Min Capacity: 8M
 Heap Initial Capacity: 124M
 Heap Max Capacity: 2G
 Pre-touch: Disabled
 Parallel Workers: 10
 Concurrent Workers: 3
 Concurrent Refinement Workers: 10
 Periodic GC: Disabled
Heap:
 garbage-first heap   total 220160K, used 126563K [0x0000000080000000, 0x0000000100000000)
  region size 1024K, 2 young (2048K), 2 survivors (2048K)
 Metaspace       used 102394K, committed 103424K, reserved 557056K
  class space    used 14247K, committed 14720K, reserved 425984K
GC Heap History (20 events):
Event: 43.023 GC heap after
{Heap after GC invocations=57 (full 0):
 garbage-first heap   total 151552K, used 114348K [0x0000000080000000, 0x0000000100000000)
  region size 1024K, 2 young (2048K), 2 survivors (2048K)
 Metaspace       used 99924K, committed 100864K, reserved 557056K
  class space    used 13932K, committed 14400K, reserved 425984K
}
Event: 43.798 GC heap before
{Heap before GC invocations=57 (full 0):
 garbage-first heap   total 151552K, used 131756K [0x0000000080000000, 0x0000000100000000)
  region size 1024K, 19 young (19456K), 2 survivors (2048K)
 Metaspace       used 100925K, committed 101888K, reserved 557056K
  class space    used 14074K, committed 14528K, reserved 425984K
}
Event: 43.802 GC heap after
{Heap after GC invocations=58 (full 0):
 garbage-first heap   total 151552K, used 115568K [0x0000000080000000, 0x0000000100000000)
  region size 1024K, 3 young (3072K), 3 survivors (3072K)
 Metaspace       used 100925K, committed 101888K, reserved 557056K
  class space    used 14074K, committed 14528K, reserved 425984K
}
Event: 44.189 GC heap before
{Heap before GC invocations=58 (full 0):
 garbage-first heap   total 151552K, used 131952K [0x0000000080000000, 0x0000000100000000)
  region size 1024K, 19 young (19456K), 3 survivors (3072K)
 Metaspace       used 101085K, committed 102080K, reserved 557056K
  class space    used 14104K, committed 14592K, reserved 425984K
}
Event: 44.195 GC heap after
{Heap after GC invocations=59 (full 0):
 garbage-first heap   total 151552K, used 117352K [0x0000000080000000, 0x0000000100000000)
  region size 1024K, 3 young (3072K), 3 survivors (3072K)
 Metaspace       used 101085K, committed 102080K, reserved 557056K
  class space    used 14104K, committed 14592K, reserved 425984K
}
Event: 44.791 GC heap before
{Heap before GC invocations=59 (full 0):
 garbage-first heap   total 151552K, used 130664K [0x0000000080000000, 0x0000000100000000)
  region size 1024K, 17 young (17408K), 3 survivors (3072K)
 Metaspace       used 101743K, committed 102720K, reserved 557056K
  class space    used 14180K, committed 14656K, reserved 425984K
}
Event: 44.796 GC heap after
{Heap after GC invocations=60 (full 0):
 garbage-first heap   total 151552K, used 118461K [0x0000000080000000, 0x0000000100000000)
  region size 1024K, 2 young (2048K), 2 survivors (2048K)
 Metaspace       used 101743K, committed 102720K, reserved 557056K
  class space    used 14180K, committed 14656K, reserved 425984K
}
Event: 45.492 GC heap before
{Heap before GC invocations=60 (full 0):
 garbage-first heap   total 151552K, used 131773K [0x0000000080000000, 0x0000000100000000)
  region size 1024K, 15 young (15360K), 2 survivors (2048K)
 Metaspace       used 102246K, committed 103232K, reserved 557056K
  class space    used 14247K, committed 14720K, reserved 425984K
}
Event: 45.497 GC heap after
{Heap after GC invocations=61 (full 0):
 garbage-first heap   total 151552K, used 120334K [0x0000000080000000, 0x0000000100000000)
  region size 1024K, 2 young (2048K), 2 survivors (2048K)
 Metaspace       used 102246K, committed 103232K, reserved 557056K
  class space    used 14247K, committed 14720K, reserved 425984K
}
Event: 46.434 GC heap before
{Heap before GC invocations=61 (full 0):
 garbage-first heap   total 151552K, used 131598K [0x0000000080000000, 0x0000000100000000)
  region size 1024K, 13 young (13312K), 2 survivors (2048K)
 Metaspace       used 102382K, committed 103360K, reserved 557056K
  class space    used 14247K, committed 14720K, reserved 425984K
}
Event: 46.439 GC heap after
{Heap after GC invocations=62 (full 0):
 garbage-first heap   total 151552K, used 123041K [0x0000000080000000, 0x0000000100000000)
  region size 1024K, 2 young (2048K), 2 survivors (2048K)
 Metaspace       used 102382K, committed 103360K, reserved 557056K
  class space    used 14247K, committed 14720K, reserved 425984K
}
Event: 46.482 GC heap before
{Heap before GC invocations=62 (full 0):
 garbage-first heap   total 151552K, used 130209K [0x0000000080000000, 0x0000000100000000)
  region size 1024K, 10 young (10240K), 2 survivors (2048K)
 Metaspace       used 102385K, committed 103360K, reserved 557056K
  class space    used 14247K, committed 14720K, reserved 425984K
}
Event: 46.487 GC heap after
{Heap after GC invocations=63 (full 0):
 garbage-first heap   total 151552K, used 125612K [0x0000000080000000, 0x0000000100000000)
  region size 1024K, 2 young (2048K), 2 survivors (2048K)
 Metaspace       used 102385K, committed 103360K, reserved 557056K
  class space    used 14247K, committed 14720K, reserved 425984K
}
Event: 46.522 GC heap before
{Heap before GC invocations=63 (full 0):
 garbage-first heap   total 151552K, used 131756K [0x0000000080000000, 0x0000000100000000)
  region size 1024K, 8 young (8192K), 2 survivors (2048K)
 Metaspace       used 102386K, committed 103360K, reserved 557056K
  class space    used 14247K, committed 14720K, reserved 425984K
}
Event: 46.525 GC heap after
{Heap after GC invocations=64 (full 0):
 garbage-first heap   total 151552K, used 126308K [0x0000000080000000, 0x0000000100000000)
  region size 1024K, 1 young (1024K), 1 survivors (1024K)
 Metaspace       used 102386K, committed 103360K, reserved 557056K
  class space    used 14247K, committed 14720K, reserved 425984K
}
Event: 46.571 GC heap before
{Heap before GC invocations=64 (full 0):
 garbage-first heap   total 151552K, used 131428K [0x0000000080000000, 0x0000000100000000)
  region size 1024K, 7 young (7168K), 1 survivors (1024K)
 Metaspace       used 102386K, committed 103360K, reserved 557056K
  class space    used 14247K, committed 14720K, reserved 425984K
}
Event: 46.575 GC heap after
{Heap after GC invocations=65 (full 0):
 garbage-first heap   total 151552K, used 127704K [0x0000000080000000, 0x0000000100000000)
  region size 1024K, 1 young (1024K), 1 survivors (1024K)
 Metaspace       used 102386K, committed 103360K, reserved 557056K
  class space    used 14247K, committed 14720K, reserved 425984K
}
Event: 46.720 GC heap before
{Heap before GC invocations=66 (full 0):
 garbage-first heap   total 220160K, used 132823K [0x0000000080000000, 0x0000000100000000)
  region size 1024K, 7 young (7168K), 1 survivors (1024K)
 Metaspace       used 102386K, committed 103360K, reserved 557056K
  class space    used 14247K, committed 14720K, reserved 425984K
}
Event: 46.723 GC heap after
{Heap after GC invocations=67 (full 0):
 garbage-first heap   total 220160K, used 129088K [0x0000000080000000, 0x0000000100000000)
  region size 1024K, 1 young (1024K), 1 survivors (1024K)
 Metaspace       used 102386K, committed 103360K, reserved 557056K
  class space    used 14247K, committed 14720K, reserved 425984K
}
Event: 46.792 GC heap before
{Heap before GC invocations=67 (full 0):
 garbage-first heap   total 220160K, used 137280K [0x0000000080000000, 0x0000000100000000)
  region size 1024K, 10 young (10240K), 1 survivors (1024K)
 Metaspace       used 102394K, committed 103424K, reserved 557056K
  class space    used 14247K, committed 14720K, reserved 425984K
}

