# JRE version: Java(TM) SE Runtime Environment (17.0.9+11) (build 17.0.9+11-LTS-201)
# Java VM: Java HotSpot(TM) 64-Bit Server VM (17.0.9+11-LTS-201, mixed mode, sharing, tiered, compressed oops, compressed class ptrs, g1 gc, windows-amd64)
GC Precious Log:
 CPUs: 12 total, 12 available
 Memory: 7916M
 Large Page Support: Disabled
 NUMA Support: Disabled
 Compressed Oops: Enabled (32-bit)
 Heap Region Size: 1M
 Heap Min Capacity: 8M
 Heap Initial Capacity: 124M
 Heap Max Capacity: 2G
 Pre-touch: Disabled
 Parallel Workers: 10
 Concurrent Workers: 3
 Concurrent Refinement Workers: 10
 Periodic GC: Disabled
Heap:
 garbage-first heap   total 372736K, used 231562K [0x0000000080000000, 0x0000000100000000)
  region size 1024K, 24 young (24576K), 11 survivors (11264K)
 Metaspace       used 116154K, committed 117632K, reserved 557056K
  class space    used 16190K, committed 16896K, reserved 425984K
GC Heap History (20 events):
Event: 27.903 GC heap before
{Heap before GC invocations=39 (full 0):
 garbage-first heap   total 286720K, used 170836K [0x0000000080000000, 0x0000000100000000)
  region size 1024K, 29 young (29696K), 5 survivors (5120K)
 Metaspace       used 105288K, committed 106432K, reserved 557056K
  class space    used 14665K, committed 15232K, reserved 425984K
}
Event: 27.910 GC heap after
{Heap after GC invocations=40 (full 0):
 garbage-first heap   total 372736K, used 149744K [0x0000000080000000, 0x0000000100000000)
  region size 1024K, 3 young (3072K), 3 survivors (3072K)
 Metaspace       used 105288K, committed 106432K, reserved 557056K
  class space    used 14665K, committed 15232K, reserved 425984K
}
Event: 28.809 GC heap before
{Heap before GC invocations=41 (full 0):
 garbage-first heap   total 372736K, used 296176K [0x0000000080000000, 0x0000000100000000)
  region size 1024K, 143 young (146432K), 3 survivors (3072K)
 Metaspace       used 105661K, committed 106816K, reserved 557056K
  class space    used 14723K, committed 15296K, reserved 425984K
}
Event: 28.822 GC heap after
{Heap after GC invocations=42 (full 0):
 garbage-first heap   total 372736K, used 161970K [0x0000000080000000, 0x0000000100000000)
  region size 1024K, 12 young (12288K), 12 survivors (12288K)
 Metaspace       used 105661K, committed 106816K, reserved 557056K
  class space    used 14723K, committed 15296K, reserved 425984K
}
Event: 28.947 GC heap before
{Heap before GC invocations=42 (full 0):
 garbage-first heap   total 372736K, used 168114K [0x0000000080000000, 0x0000000100000000)
  region size 1024K, 18 young (18432K), 12 survivors (12288K)
 Metaspace       used 105710K, committed 106880K, reserved 557056K
  class space    used 14727K, committed 15296K, reserved 425984K
}
Event: 28.959 GC heap after
{Heap after GC invocations=43 (full 0):
 garbage-first heap   total 372736K, used 160632K [0x0000000080000000, 0x0000000100000000)
  region size 1024K, 2 young (2048K), 2 survivors (2048K)
 Metaspace       used 105710K, committed 106880K, reserved 557056K
  class space    used 14727K, committed 15296K, reserved 425984K
}
Event: 30.113 GC heap before
{Heap before GC invocations=43 (full 0):
 garbage-first heap   total 372736K, used 295800K [0x0000000080000000, 0x0000000100000000)
  region size 1024K, 135 young (138240K), 2 survivors (2048K)
 Metaspace       used 106159K, committed 107392K, reserved 557056K
  class space    used 14786K, committed 15360K, reserved 425984K
}
Event: 30.121 GC heap after
{Heap after GC invocations=44 (full 0):
 garbage-first heap   total 372736K, used 168191K [0x0000000080000000, 0x0000000100000000)
  region size 1024K, 10 young (10240K), 10 survivors (10240K)
 Metaspace       used 106159K, committed 107392K, reserved 557056K
  class space    used 14786K, committed 15360K, reserved 425984K
}
Event: 31.682 GC heap before
{Heap before GC invocations=44 (full 0):
 garbage-first heap   total 372736K, used 301311K [0x0000000080000000, 0x0000000100000000)
  region size 1024K, 138 young (141312K), 10 survivors (10240K)
 Metaspace       used 107505K, committed 108736K, reserved 557056K
  class space    used 14999K, committed 15552K, reserved 425984K
}
Event: 31.699 GC heap after
{Heap after GC invocations=45 (full 0):
 garbage-first heap   total 372736K, used 181786K [0x0000000080000000, 0x0000000100000000)
  region size 1024K, 18 young (18432K), 18 survivors (18432K)
 Metaspace       used 107505K, committed 108736K, reserved 557056K
  class space    used 14999K, committed 15552K, reserved 425984K
}
Event: 34.012 GC heap before
{Heap before GC invocations=45 (full 0):
 garbage-first heap   total 372736K, used 301594K [0x0000000080000000, 0x0000000100000000)
  region size 1024K, 135 young (138240K), 18 survivors (18432K)
 Metaspace       used 113577K, committed 114944K, reserved 557056K
  class space    used 15899K, committed 16576K, reserved 425984K
}
Event: 34.033 GC heap after
{Heap after GC invocations=46 (full 0):
 garbage-first heap   total 372736K, used 194000K [0x0000000080000000, 0x0000000100000000)
  region size 1024K, 12 young (12288K), 12 survivors (12288K)
 Metaspace       used 113577K, committed 114944K, reserved 557056K
  class space    used 15899K, committed 16576K, reserved 425984K
}
Event: 35.920 GC heap before
{Heap before GC invocations=46 (full 0):
 garbage-first heap   total 372736K, used 305616K [0x0000000080000000, 0x0000000100000000)
  region size 1024K, 121 young (123904K), 12 survivors (12288K)
 Metaspace       used 115494K, committed 116928K, reserved 557056K
  class space    used 16130K, committed 16832K, reserved 425984K
}
Event: 35.940 GC heap after
{Heap after GC invocations=47 (full 0):
 garbage-first heap   total 372736K, used 205244K [0x0000000080000000, 0x0000000100000000)
  region size 1024K, 12 young (12288K), 12 survivors (12288K)
 Metaspace       used 115494K, committed 116928K, reserved 557056K
  class space    used 16130K, committed 16832K, reserved 425984K
}
Event: 36.458 GC heap before
{Heap before GC invocations=47 (full 0):
 garbage-first heap   total 372736K, used 303548K [0x0000000080000000, 0x0000000100000000)
  region size 1024K, 109 young (111616K), 12 survivors (12288K)
 Metaspace       used 115509K, committed 116928K, reserved 557056K
  class space    used 16130K, committed 16832K, reserved 425984K
}
Event: 36.472 GC heap after
{Heap after GC invocations=48 (full 0):
 garbage-first heap   total 372736K, used 209090K [0x0000000080000000, 0x0000000100000000)
  region size 1024K, 6 young (6144K), 6 survivors (6144K)
 Metaspace       used 115509K, committed 116928K, reserved 557056K
  class space    used 16130K, committed 16832K, reserved 425984K
}
Event: 37.651 GC heap before
{Heap before GC invocations=48 (full 0):
 garbage-first heap   total 372736K, used 307394K [0x0000000080000000, 0x0000000100000000)
  region size 1024K, 103 young (105472K), 6 survivors (6144K)
 Metaspace       used 115689K, committed 117120K, reserved 557056K
  class space    used 16149K, committed 16832K, reserved 425984K
}
Event: 37.660 GC heap after
{Heap after GC invocations=49 (full 0):
 garbage-first heap   total 372736K, used 211840K [0x0000000080000000, 0x0000000100000000)
  region size 1024K, 9 young (9216K), 9 survivors (9216K)
 Metaspace       used 115689K, committed 117120K, reserved 557056K
  class space    used 16149K, committed 16832K, reserved 425984K
}
Event: 38.389 GC heap before
{Heap before GC invocations=49 (full 0):
 garbage-first heap   total 372736K, used 310144K [0x0000000080000000, 0x0000000100000000)
  region size 1024K, 106 young (108544K), 9 survivors (9216K)
 Metaspace       used 115912K, committed 117376K, reserved 557056K
  class space    used 16172K, committed 16896K, reserved 425984K
}
Event: 38.400 GC heap after
{Heap after GC invocations=50 (full 0):
 garbage-first heap   total 372736K, used 215361K [0x0000000080000000, 0x0000000100000000)
  region size 1024K, 9 young (9216K), 9 survivors (9216K)
 Metaspace       used 115912K, committed 117376K, reserved 557056K
  class space    used 16172K, committed 16896K, reserved 425984K
}

