# JRE version: Java(TM) SE Runtime Environment (17.0.9+11) (build 17.0.9+11-LTS-201)
# Java VM: Java HotSpot(TM) 64-Bit Server VM (17.0.9+11-LTS-201, mixed mode, sharing, tiered, compressed oops, compressed class ptrs, g1 gc, windows-amd64)
GC Precious Log:
 CPUs: 12 total, 12 available
 Memory: 7916M
 Large Page Support: Disabled
 NUMA Support: Disabled
 Compressed Oops: Enabled (32-bit)
 Heap Region Size: 1M
 Heap Min Capacity: 8M
 Heap Initial Capacity: 124M
 Heap Max Capacity: 2G
 Pre-touch: Disabled
 Parallel Workers: 10
 Concurrent Workers: 3
 Concurrent Refinement Workers: 10
 Periodic GC: Disabled
Heap:
 garbage-first heap   total 135168K, used 97898K [0x0000000080000000, 0x0000000100000000)
  region size 1024K, 24 young (24576K), 4 survivors (4096K)
 Metaspace       used 78628K, committed 79616K, reserved 557056K
  class space    used 10969K, committed 11456K, reserved 425984K
GC Heap History (20 events):
Event: 22.377 GC heap before
{Heap before GC invocations=14 (full 0):
 garbage-first heap   total 133120K, used 113271K [0x0000000080000000, 0x0000000100000000)
  region size 1024K, 74 young (75776K), 8 survivors (8192K)
 Metaspace       used 54845K, committed 55424K, reserved 491520K
  class space    used 7706K, committed 8000K, reserved 425984K
}
Event: 22.388 GC heap after
{Heap after GC invocations=15 (full 0):
 garbage-first heap   total 133120K, used 52393K [0x0000000080000000, 0x0000000100000000)
  region size 1024K, 10 young (10240K), 10 survivors (10240K)
 Metaspace       used 54845K, committed 55424K, reserved 491520K
  class space    used 7706K, committed 8000K, reserved 425984K
}
Event: 23.717 GC heap before
{Heap before GC invocations=15 (full 0):
 garbage-first heap   total 133120K, used 104617K [0x0000000080000000, 0x0000000100000000)
  region size 1024K, 61 young (62464K), 10 survivors (10240K)
 Metaspace       used 59284K, committed 59904K, reserved 491520K
  class space    used 8309K, committed 8576K, reserved 425984K
}
Event: 23.726 GC heap after
{Heap after GC invocations=16 (full 0):
 garbage-first heap   total 133120K, used 55430K [0x0000000080000000, 0x0000000100000000)
  region size 1024K, 3 young (3072K), 3 survivors (3072K)
 Metaspace       used 59284K, committed 59904K, reserved 491520K
  class space    used 8309K, committed 8576K, reserved 425984K
}
Event: 23.767 GC heap before
{Heap before GC invocations=16 (full 0):
 garbage-first heap   total 133120K, used 58502K [0x0000000080000000, 0x0000000100000000)
  region size 1024K, 7 young (7168K), 3 survivors (3072K)
 Metaspace       used 59473K, committed 60096K, reserved 491520K
  class space    used 8330K, committed 8640K, reserved 425984K
}
Event: 23.770 GC heap after
{Heap after GC invocations=17 (full 0):
 garbage-first heap   total 133120K, used 55090K [0x0000000080000000, 0x0000000100000000)
  region size 1024K, 3 young (3072K), 3 survivors (3072K)
 Metaspace       used 59473K, committed 60096K, reserved 491520K
  class space    used 8330K, committed 8640K, reserved 425984K
}
Event: 25.023 GC heap before
{Heap before GC invocations=18 (full 0):
 garbage-first heap   total 133120K, used 108338K [0x0000000080000000, 0x0000000100000000)
  region size 1024K, 55 young (56320K), 3 survivors (3072K)
 Metaspace       used 63420K, committed 64064K, reserved 491520K
  class space    used 8967K, committed 9280K, reserved 425984K
}
Event: 25.028 GC heap after
{Heap after GC invocations=19 (full 0):
 garbage-first heap   total 133120K, used 56612K [0x0000000080000000, 0x0000000100000000)
  region size 1024K, 4 young (4096K), 4 survivors (4096K)
 Metaspace       used 63420K, committed 64064K, reserved 491520K
  class space    used 8967K, committed 9280K, reserved 425984K
}
Event: 26.472 GC heap before
{Heap before GC invocations=19 (full 0):
 garbage-first heap   total 133120K, used 109860K [0x0000000080000000, 0x0000000100000000)
  region size 1024K, 56 young (57344K), 4 survivors (4096K)
 Metaspace       used 65782K, committed 66560K, reserved 491520K
  class space    used 9291K, committed 9664K, reserved 425984K
}
Event: 26.480 GC heap after
{Heap after GC invocations=20 (full 0):
 garbage-first heap   total 133120K, used 61577K [0x0000000080000000, 0x0000000100000000)
  region size 1024K, 7 young (7168K), 7 survivors (7168K)
 Metaspace       used 65782K, committed 66560K, reserved 491520K
  class space    used 9291K, committed 9664K, reserved 425984K
}
Event: 27.704 GC heap before
{Heap before GC invocations=20 (full 0):
 garbage-first heap   total 133120K, used 108681K [0x0000000080000000, 0x0000000100000000)
  region size 1024K, 53 young (54272K), 7 survivors (7168K)
 Metaspace       used 68395K, committed 69184K, reserved 491520K
  class space    used 9669K, committed 10048K, reserved 425984K
}
Event: 27.714 GC heap after
{Heap after GC invocations=21 (full 0):
 garbage-first heap   total 133120K, used 64806K [0x0000000080000000, 0x0000000100000000)
  region size 1024K, 6 young (6144K), 6 survivors (6144K)
 Metaspace       used 68395K, committed 69184K, reserved 491520K
  class space    used 9669K, committed 10048K, reserved 425984K
}
Event: 31.587 GC heap before
{Heap before GC invocations=21 (full 0):
 garbage-first heap   total 133120K, used 105766K [0x0000000080000000, 0x0000000100000000)
  region size 1024K, 47 young (48128K), 6 survivors (6144K)
 Metaspace       used 71685K, committed 72448K, reserved 491520K
  class space    used 10203K, committed 10560K, reserved 425984K
}
Event: 31.607 GC heap after
{Heap after GC invocations=22 (full 0):
 garbage-first heap   total 133120K, used 69073K [0x0000000080000000, 0x0000000100000000)
  region size 1024K, 5 young (5120K), 5 survivors (5120K)
 Metaspace       used 71685K, committed 72448K, reserved 491520K
  class space    used 10203K, committed 10560K, reserved 425984K
}
Event: 34.916 GC heap before
{Heap before GC invocations=23 (full 0):
 garbage-first heap   total 133120K, used 113105K [0x0000000080000000, 0x0000000100000000)
  region size 1024K, 44 young (45056K), 5 survivors (5120K)
 Metaspace       used 76965K, committed 77824K, reserved 557056K
  class space    used 10750K, committed 11136K, reserved 425984K
}
Event: 34.925 GC heap after
{Heap after GC invocations=24 (full 0):
 garbage-first heap   total 133120K, used 75275K [0x0000000080000000, 0x0000000100000000)
  region size 1024K, 4 young (4096K), 4 survivors (4096K)
 Metaspace       used 76965K, committed 77824K, reserved 557056K
  class space    used 10750K, committed 11136K, reserved 425984K
}
Event: 35.087 GC heap before
{Heap before GC invocations=24 (full 0):
 garbage-first heap   total 133120K, used 76299K [0x0000000080000000, 0x0000000100000000)
  region size 1024K, 6 young (6144K), 4 survivors (4096K)
 Metaspace       used 77191K, committed 78080K, reserved 557056K
  class space    used 10786K, committed 11264K, reserved 425984K
}
Event: 35.095 GC heap after
{Heap after GC invocations=25 (full 0):
 garbage-first heap   total 133120K, used 74350K [0x0000000080000000, 0x0000000100000000)
  region size 1024K, 1 young (1024K), 1 survivors (1024K)
 Metaspace       used 77191K, committed 78080K, reserved 557056K
  class space    used 10786K, committed 11264K, reserved 425984K
}
Event: 36.554 GC heap before
{Heap before GC invocations=25 (full 0):
 garbage-first heap   total 133120K, used 93806K [0x0000000080000000, 0x0000000100000000)
  region size 1024K, 21 young (21504K), 1 survivors (1024K)
 Metaspace       used 77688K, committed 78592K, reserved 557056K
  class space    used 10845K, committed 11264K, reserved 425984K
}
Event: 36.558 GC heap after
{Heap after GC invocations=26 (full 0):
 garbage-first heap   total 133120K, used 77418K [0x0000000080000000, 0x0000000100000000)
  region size 1024K, 4 young (4096K), 4 survivors (4096K)
 Metaspace       used 77688K, committed 78592K, reserved 557056K
  class space    used 10845K, committed 11264K, reserved 425984K
}

